c:\users\kacpe\source\repos\fizyka\engine\x64\debug\main.obj
c:\users\kacpe\source\repos\fizyka\engine\x64\debug\graphics.obj
c:\users\kacpe\source\repos\fizyka\engine\x64\debug\game.obj
c:\users\kacpe\source\repos\fizyka\engine\x64\debug\menu.obj
c:\users\kacpe\source\repos\fizyka\engine\x64\debug\mainwindow.obj
c:\users\kacpe\source\repos\fizyka\engine\x64\debug\pendulum.obj
c:\users\kacpe\source\repos\fizyka\engine\x64\debug\frametimer.obj
c:\users\kacpe\source\repos\fizyka\engine\x64\debug\mouse.obj
c:\users\kacpe\source\repos\fizyka\engine\x64\debug\keyboard.obj
c:\users\kacpe\source\repos\fizyka\engine\x64\debug\sound.obj
c:\users\kacpe\source\repos\fizyka\engine\x64\debug\cominitializer.obj
c:\users\kacpe\source\repos\fizyka\engine\x64\debug\dxerr.obj
c:\users\kacpe\source\repos\fizyka\engine\x64\debug\vc143.pdb
c:\users\kacpe\source\repos\fizyka\engine\x64\debug\surface.obj
c:\users\kacpe\source\repos\fizyka\engine\framebufferps.shh
c:\users\kacpe\source\repos\fizyka\engine\framebuffervs.shh
c:\users\kacpe\source\repos\fizyka\x64\debug\engine.exe
c:\users\kacpe\source\repos\fizyka\engine\x64\debug\engine.ilk
c:\users\kacpe\source\repos\fizyka\x64\debug\engine.pdb
c:\users\kacpe\source\repos\fizyka\engine\x64\debug\resource.res
c:\users\kacpe\source\repos\fizyka\engine\x64\debug\vc143.idb
c:\users\kacpe\source\repos\fizyka\engine\x64\debug\engine.tlog\cl.command.1.tlog
c:\users\kacpe\source\repos\fizyka\engine\x64\debug\engine.tlog\cl.items.tlog
c:\users\kacpe\source\repos\fizyka\engine\x64\debug\engine.tlog\cl.read.1.tlog
c:\users\kacpe\source\repos\fizyka\engine\x64\debug\engine.tlog\cl.write.1.tlog
c:\users\kacpe\source\repos\fizyka\engine\x64\debug\engine.tlog\fxc.command.1.tlog
c:\users\kacpe\source\repos\fizyka\engine\x64\debug\engine.tlog\fxc.read.1.tlog
c:\users\kacpe\source\repos\fizyka\engine\x64\debug\engine.tlog\fxc.write.1.tlog
c:\users\kacpe\source\repos\fizyka\engine\x64\debug\engine.tlog\link.command.1.tlog
c:\users\kacpe\source\repos\fizyka\engine\x64\debug\engine.tlog\link.read.1.tlog
c:\users\kacpe\source\repos\fizyka\engine\x64\debug\engine.tlog\link.write.1.tlog
c:\users\kacpe\source\repos\fizyka\engine\x64\debug\engine.tlog\rc.command.1.tlog
c:\users\kacpe\source\repos\fizyka\engine\x64\debug\engine.tlog\rc.read.1.tlog
c:\users\kacpe\source\repos\fizyka\engine\x64\debug\engine.tlog\rc.write.1.tlog
